<?xml version="1.0" encoding="UTF-8"?>
<testsuite xmlns:xsi="http://www.w3.org/2001/XMLSchema-instance" xsi:noNamespaceSchemaLocation="https://maven.apache.org/surefire/maven-surefire-plugin/xsd/surefire-test-report-3.0.xsd" version="3.0" name="runners.TestRunner" time="71.301" tests="1" errors="0" skipped="0" failures="0">
  <properties>
[...]
</properties>
  <testcase name="Add children&apos;s coat to cart from Boyner" classname="Boyner Shopping Cart Test" time="70.524">
    <system-out><![CDATA[
@BoynerShopping @ChildrenCoat
Scenario: Add children's coat to cart from Boyner  # src/test/resources/features/boyner_shopping.feature:35
Menu toggle not visible, but continuing...
  Given I am on the Boyner homepage                # stepdefinitions.BoynerShoppingSteps.i_am_on_the_boyner_homepage()
  When I navigate to the specific product          # stepdefinitions.BoynerShoppingSteps.i_navigate_to_specific_product()
  And I select size if available                   # stepdefinitions.BoynerShoppingSteps.i_select_size_if_available()
  Then I should be able to add the product to cart # stepdefinitions.BoynerShoppingSteps.i_should_be_able_to_add_product_to_cart()
  And I should see the product in my cart          # stepdefinitions.BoynerShoppingSteps.i_should_see_product_in_cart()
]]></system-out>
    <system-err><![CDATA[SLF4J: No SLF4J providers were found.
SLF4J: Defaulting to no-operation (NOP) logger implementation
SLF4J: See https://www.slf4j.org/codes.html#noProviders for further details.
Oca 18, 2025 11:22:30 ÖS org.openqa.selenium.devtools.CdpVersionFinder findNearestMatch
WARNING: Unable to find CDP implementation matching 132
Oca 18, 2025 11:22:30 ÖS org.openqa.selenium.chromium.ChromiumDriver lambda$new$5
WARNING: Unable to find version of CDP to use for 132.0.6834.84. You may need to include a dependency on a specific version of the CDP using something similar to `org.seleniumhq.selenium:selenium-devtools-v86:4.16.1` where the version ("v86") matches the version of the chromium-based browser you're using and the version number of the artifact is the same as Selenium's.
]]></system-err>
  </testcase>
</testsuite>